INFO:sim:172 - Generating IP...
Resolving generics for 'MEM'...
Applying external generics to 'MEM'...
Delivering associated files for 'MEM'...
Delivering EJava files for 'MEM'...
Generating implementation netlist for 'MEM'...
INFO:sim - Pre-processing HDL files for 'MEM'...
Running synthesis for 'MEM'
Running ngcbuild...
Writing VHO instantiation template for 'MEM'...
Writing VHDL behavioral simulation model for 'MEM'...
WARNING:sim - Overwriting existing file
   /home/polychronis/project0/ipcore_dir/tmp/_cg/MEM/doc/blk_mem_gen_v7_3_vinfo.
   html with file from view xilinx_documentation
Delivered 1 file into directory
/home/polychronis/project0/ipcore_dir/tmp/_cg/MEM
Generating ASY schematic symbol...
INFO:sim:949 - Finished generation of ASY schematic symbol.
Generating SYM schematic symbol for 'MEM'...
Generating metadata file...
Generating ISE project file for 'MEM'...
Generating ISE project...
XCO file found: MEM.xco
XMDF file found: MEM_xmdf.tcl
Adding /home/polychronis/project0/ipcore_dir/tmp/_cg/MEM.asy -view all
-origin_type imported
Adding /home/polychronis/project0/ipcore_dir/tmp/_cg/MEM.ngc -view all
-origin_type created
Checking file "/home/polychronis/project0/ipcore_dir/tmp/_cg/MEM.ngc" for
project device match ...
File "/home/polychronis/project0/ipcore_dir/tmp/_cg/MEM.ngc" device information
matches project device.
Adding /home/polychronis/project0/ipcore_dir/tmp/_cg/MEM.sym -view all
-origin_type imported
Adding /home/polychronis/project0/ipcore_dir/tmp/_cg/MEM.vhd -view all
-origin_type created
INFO:HDLCompiler:1061 - Parsing VHDL file
   "/home/polychronis/project0/ipcore_dir/tmp/_cg/MEM.vhd" into library work
INFO:ProjectMgmt - Parsing design hierarchy completed successfully.
Adding /home/polychronis/project0/ipcore_dir/tmp/_cg/MEM.vho -view all
-origin_type imported
INFO:TclTasksC:2116 - The automatic calculation of top has been turned-off.
   Please set the new top explicitly by running the "project set top" command.
   To re-calculate the new top automatically, set the "Auto Implementation Top"
   property to true.
Top level has been set to "/MEM"
Generating README file...
Generating FLIST file...
INFO:sim:948 - Finished FLIST file generation.
Launching README viewer...
Moving files to output directory...
Finished moving files to output directory
Wrote CGP file for project 'MEM'.
